[debug] [2020-10-30T22:14:56.406Z] ----------------------------------------------------------------------
[debug] [2020-10-30T22:14:56.408Z] Command:       /Users/muizz/.nvm/versions/node/v14.4.0/bin/node /Users/muizz/.nvm/versions/node/v14.4.0/bin/firebase emulators:start
[debug] [2020-10-30T22:14:56.408Z] CLI Version:   8.13.1
[debug] [2020-10-30T22:14:56.408Z] Platform:      darwin
[debug] [2020-10-30T22:14:56.409Z] Node Version:  v14.4.0
[debug] [2020-10-30T22:14:56.410Z] Time:          Fri Oct 30 2020 23:14:56 GMT+0100 (Central European Standard Time)
[debug] [2020-10-30T22:14:56.410Z] ----------------------------------------------------------------------
[debug] [2020-10-30T22:14:56.410Z] 
[debug] [2020-10-30T22:14:56.421Z] > command requires scopes: ["email","openid","https://www.googleapis.com/auth/cloudplatformprojects.readonly","https://www.googleapis.com/auth/firebase","https://www.googleapis.com/auth/cloud-platform"]
[debug] [2020-10-30T22:14:56.421Z] > authorizing via signed-in user
[info] i  emulators: Starting emulators: functions, hosting {"metadata":{"emulator":{"name":"hub"},"message":"Starting emulators: functions, hosting"}}
[debug] [2020-10-30T22:14:56.449Z] [hub] writing locator at /var/folders/2d/t2nx011575996gzvqngr_86w0000gn/T/hub-challenge-e9b80.json
[warn] ⚠  functions: The following emulators are not running, calls to these services from the Functions emulator will affect production: auth, firestore, database, pubsub {"metadata":{"emulator":{"name":"functions"},"message":"The following emulators are not running, calls to these services from the Functions emulator will affect production: \u001b[1mauth, firestore, database, pubsub\u001b[22m"}}
[warn] ⚠  Your requested "node" version "10" doesn't match your global version "14" {"metadata":{"emulator":{"name":"functions"},"message":"Your requested \"node\" version \"10\" doesn't match your global version \"14\""}}
[debug] [2020-10-30T22:14:56.477Z] defaultcredentials: writing to file /Users/muizz/.config/firebase/muizz_bolaji_gmail.com_application_default_credentials.json
[debug] [2020-10-30T22:14:56.481Z] Setting GAC to /Users/muizz/.config/firebase/muizz_bolaji_gmail.com_application_default_credentials.json {"metadata":{"emulator":{"name":"functions"},"message":"Setting GAC to /Users/muizz/.config/firebase/muizz_bolaji_gmail.com_application_default_credentials.json"}}
[debug] [2020-10-30T22:14:56.754Z] > refreshing access token with scopes: ["email","https://www.googleapis.com/auth/cloud-platform","https://www.googleapis.com/auth/cloudplatformprojects.readonly","https://www.googleapis.com/auth/firebase","openid"]
[debug] [2020-10-30T22:14:56.755Z] >>> HTTP REQUEST POST https://www.googleapis.com/oauth2/v3/token  
 <request body omitted>
[debug] [2020-10-30T22:14:56.898Z] <<< HTTP RESPONSE 200 {"expires":"Mon, 01 Jan 1990 00:00:00 GMT","pragma":"no-cache","cache-control":"no-cache, no-store, max-age=0, must-revalidate","date":"Fri, 30 Oct 2020 22:14:56 GMT","content-type":"application/json; charset=utf-8","vary":"X-Origin, Referer, Origin,Accept-Encoding","server":"scaffolding on HTTPServer2","x-xss-protection":"0","x-frame-options":"SAMEORIGIN","x-content-type-options":"nosniff","alt-svc":"h3-Q050=\":443\"; ma=2592000,h3-29=\":443\"; ma=2592000,h3-T051=\":443\"; ma=2592000,h3-T050=\":443\"; ma=2592000,h3-Q046=\":443\"; ma=2592000,h3-Q043=\":443\"; ma=2592000,quic=\":443\"; ma=2592000; v=\"46,43\"","accept-ranges":"none","transfer-encoding":"chunked"}
[debug] [2020-10-30T22:14:56.944Z] >>> HTTP REQUEST GET https://firebase.googleapis.com/v1beta1/projects/challenge-e9b80/webApps/-/config  
 
[debug] [2020-10-30T22:14:57.900Z] <<< HTTP RESPONSE 200 {"content-type":"application/json; charset=UTF-8","vary":"X-Origin, Referer, Origin,Accept-Encoding","date":"Fri, 30 Oct 2020 22:14:57 GMT","server":"ESF","cache-control":"private","x-xss-protection":"0","x-frame-options":"SAMEORIGIN","x-content-type-options":"nosniff","alt-svc":"h3-Q050=\":443\"; ma=2592000,h3-29=\":443\"; ma=2592000,h3-T051=\":443\"; ma=2592000,h3-T050=\":443\"; ma=2592000,h3-Q046=\":443\"; ma=2592000,h3-Q043=\":443\"; ma=2592000,quic=\":443\"; ma=2592000; v=\"46,43\"","accept-ranges":"none","transfer-encoding":"chunked"}
[info] i  hosting: Serving hosting files from: build {"metadata":{"emulator":{"name":"hosting"},"message":"Serving hosting files from: \u001b[1mbuild\u001b[22m"}}
[info] ✔  hosting: Local server: http://localhost:5000 {"metadata":{"emulator":{"name":"hosting"},"message":"Local server: \u001b[4m\u001b[1mhttp://localhost:5000\u001b[22m\u001b[24m"}}
[warn] ⚠  ui: Emulator UI unable to start on port 4000, starting on 4002 instead. {"metadata":{"emulator":{"name":"ui"},"message":"Emulator UI unable to start on port 4000, starting on 4002 instead."}}
[debug] [2020-10-30T22:14:58.198Z] Ignoring unsupported arg: auto_download {"metadata":{"emulator":{"name":"ui"},"message":"Ignoring unsupported arg: auto_download"}}
[debug] [2020-10-30T22:14:58.198Z] Ignoring unsupported arg: port {"metadata":{"emulator":{"name":"ui"},"message":"Ignoring unsupported arg: port"}}
[debug] [2020-10-30T22:14:58.198Z] Starting Emulator UI with command {"binary":"node","args":["/Users/muizz/.cache/firebase/emulators/ui-v1.1.1/server.bundle.js"],"optionalArgs":[],"joinArgs":false} {"metadata":{"emulator":{"name":"ui"},"message":"Starting Emulator UI with command {\"binary\":\"node\",\"args\":[\"/Users/muizz/.cache/firebase/emulators/ui-v1.1.1/server.bundle.js\"],\"optionalArgs\":[],\"joinArgs\":false}"}}
[info] i  ui: Emulator UI logging to ui-debug.log {"metadata":{"emulator":{"name":"ui"},"message":"Emulator UI logging to \u001b[1mui-debug.log\u001b[22m"}}
[debug] [2020-10-30T22:14:58.286Z] Web / API server started at http://localhost:4002
 {"metadata":{"emulator":{"name":"ui"},"message":"Web / API server started at http://localhost:4002\n"}}
[info] i  functions: Watching "/Users/muizz/Documents/React-Apps/amazon-clone/functions" for Cloud Functions... {"metadata":{"emulator":{"name":"functions"},"message":"Watching \"/Users/muizz/Documents/React-Apps/amazon-clone/functions\" for Cloud Functions..."}}
[debug] [2020-10-30T22:14:58.473Z] [worker-pool] addWorker(~diagnostic~) {"metadata":{"emulator":{"name":"functions"},"message":"[worker-pool] addWorker(~diagnostic~)"}}
[debug] [2020-10-30T22:14:58.473Z] [worker-pool] Adding worker with key ~diagnostic~, total=1 {"metadata":{"emulator":{"name":"functions"},"message":"[worker-pool] Adding worker with key ~diagnostic~, total=1"}}
[debug] [2020-10-30T22:14:58.474Z] [worker-pool] submitWork(triggerId=) {"metadata":{"emulator":{"name":"functions"},"message":"[worker-pool] submitWork(triggerId=)"}}
[debug] [2020-10-30T22:14:58.474Z] [worker-~diagnostic~-684d72f7-7c14-4600-9f3d-0e46f4ce04ab]: Assigning socketPath: /var/folders/2d/t2nx011575996gzvqngr_86w0000gn/T/fire_emu_72943.sock {"metadata":{"emulator":{"name":"functions"},"message":"[worker-~diagnostic~-684d72f7-7c14-4600-9f3d-0e46f4ce04ab]: Assigning socketPath: /var/folders/2d/t2nx011575996gzvqngr_86w0000gn/T/fire_emu_72943.sock"}}
[debug] [2020-10-30T22:14:58.474Z] [worker-~diagnostic~-684d72f7-7c14-4600-9f3d-0e46f4ce04ab]: BUSY {"metadata":{"emulator":{"name":"functions"},"message":"[worker-~diagnostic~-684d72f7-7c14-4600-9f3d-0e46f4ce04ab]: BUSY"}}
[debug] [2020-10-30T22:14:58.726Z] [runtime-status] [72943] Functions runtime initialized. {"cwd":"/Users/muizz/Documents/React-Apps/amazon-clone/functions","node_version":"14.4.0"} {"metadata":{"emulator":{"name":"functions"},"message":"[runtime-status] [72943] Functions runtime initialized. {\"cwd\":\"/Users/muizz/Documents/React-Apps/amazon-clone/functions\",\"node_version\":\"14.4.0\"}"}}
[debug] [2020-10-30T22:14:58.726Z] [runtime-status] [72943] Disabled runtime features: undefined {"metadata":{"emulator":{"name":"functions"},"message":"[runtime-status] [72943] Disabled runtime features: undefined"}}
[debug] [2020-10-30T22:14:58.728Z] [runtime-status] [72943] Resolved module firebase-admin {"declared":true,"installed":true,"version":"8.13.0","resolution":"/Users/muizz/Documents/React-Apps/amazon-clone/functions/node_modules/firebase-admin/lib/index.js"} {"metadata":{"emulator":{"name":"functions"},"message":"[runtime-status] [72943] Resolved module firebase-admin {\"declared\":true,\"installed\":true,\"version\":\"8.13.0\",\"resolution\":\"/Users/muizz/Documents/React-Apps/amazon-clone/functions/node_modules/firebase-admin/lib/index.js\"}"}}
[debug] [2020-10-30T22:14:58.731Z] [runtime-status] [72943] Resolved module firebase-functions {"declared":true,"installed":true,"version":"3.11.0","resolution":"/Users/muizz/Documents/React-Apps/amazon-clone/functions/node_modules/firebase-functions/lib/index.js"} {"metadata":{"emulator":{"name":"functions"},"message":"[runtime-status] [72943] Resolved module firebase-functions {\"declared\":true,\"installed\":true,\"version\":\"3.11.0\",\"resolution\":\"/Users/muizz/Documents/React-Apps/amazon-clone/functions/node_modules/firebase-functions/lib/index.js\"}"}}
[debug] [2020-10-30T22:14:58.734Z] [runtime-status] [72943] Resolved module firebase-functions {"declared":true,"installed":true,"version":"3.11.0","resolution":"/Users/muizz/Documents/React-Apps/amazon-clone/functions/node_modules/firebase-functions/lib/index.js"} {"metadata":{"emulator":{"name":"functions"},"message":"[runtime-status] [72943] Resolved module firebase-functions {\"declared\":true,\"installed\":true,\"version\":\"3.11.0\",\"resolution\":\"/Users/muizz/Documents/React-Apps/amazon-clone/functions/node_modules/firebase-functions/lib/index.js\"}"}}
[debug] [2020-10-30T22:14:58.735Z] [runtime-status] [72943] Outgoing network have been stubbed. [{"name":"http","status":"mocked"},{"name":"http","status":"mocked"},{"name":"https","status":"mocked"},{"name":"https","status":"mocked"},{"name":"net","status":"mocked"}] {"metadata":{"emulator":{"name":"functions"},"message":"[runtime-status] [72943] Outgoing network have been stubbed. [{\"name\":\"http\",\"status\":\"mocked\"},{\"name\":\"http\",\"status\":\"mocked\"},{\"name\":\"https\",\"status\":\"mocked\"},{\"name\":\"https\",\"status\":\"mocked\"},{\"name\":\"net\",\"status\":\"mocked\"}]"}}
[debug] [2020-10-30T22:14:58.735Z] [runtime-status] [72943] Resolved module firebase-functions {"declared":true,"installed":true,"version":"3.11.0","resolution":"/Users/muizz/Documents/React-Apps/amazon-clone/functions/node_modules/firebase-functions/lib/index.js"} {"metadata":{"emulator":{"name":"functions"},"message":"[runtime-status] [72943] Resolved module firebase-functions {\"declared\":true,\"installed\":true,\"version\":\"3.11.0\",\"resolution\":\"/Users/muizz/Documents/React-Apps/amazon-clone/functions/node_modules/firebase-functions/lib/index.js\"}"}}
[debug] [2020-10-30T22:14:58.813Z] [runtime-status] [72943] Checked functions.config() {"config":{}} {"metadata":{"emulator":{"name":"functions"},"message":"[runtime-status] [72943] Checked functions.config() {\"config\":{}}"}}
[debug] [2020-10-30T22:14:58.814Z] [runtime-status] [72943] firebase-functions has been stubbed. {"functionsResolution":{"declared":true,"installed":true,"version":"3.11.0","resolution":"/Users/muizz/Documents/React-Apps/amazon-clone/functions/node_modules/firebase-functions/lib/index.js"}} {"metadata":{"emulator":{"name":"functions"},"message":"[runtime-status] [72943] firebase-functions has been stubbed. {\"functionsResolution\":{\"declared\":true,\"installed\":true,\"version\":\"3.11.0\",\"resolution\":\"/Users/muizz/Documents/React-Apps/amazon-clone/functions/node_modules/firebase-functions/lib/index.js\"}}"}}
[debug] [2020-10-30T22:14:58.814Z] [runtime-status] [72943] Resolved module firebase-functions {"declared":true,"installed":true,"version":"3.11.0","resolution":"/Users/muizz/Documents/React-Apps/amazon-clone/functions/node_modules/firebase-functions/lib/index.js"} {"metadata":{"emulator":{"name":"functions"},"message":"[runtime-status] [72943] Resolved module firebase-functions {\"declared\":true,\"installed\":true,\"version\":\"3.11.0\",\"resolution\":\"/Users/muizz/Documents/React-Apps/amazon-clone/functions/node_modules/firebase-functions/lib/index.js\"}"}}
[debug] [2020-10-30T22:14:58.815Z] [runtime-status] [72943] Resolved module firebase-admin {"declared":true,"installed":true,"version":"8.13.0","resolution":"/Users/muizz/Documents/React-Apps/amazon-clone/functions/node_modules/firebase-admin/lib/index.js"} {"metadata":{"emulator":{"name":"functions"},"message":"[runtime-status] [72943] Resolved module firebase-admin {\"declared\":true,\"installed\":true,\"version\":\"8.13.0\",\"resolution\":\"/Users/muizz/Documents/React-Apps/amazon-clone/functions/node_modules/firebase-admin/lib/index.js\"}"}}
[debug] [2020-10-30T22:14:58.815Z] [runtime-status] [72943] Resolved module firebase-functions {"declared":true,"installed":true,"version":"3.11.0","resolution":"/Users/muizz/Documents/React-Apps/amazon-clone/functions/node_modules/firebase-functions/lib/index.js"} {"metadata":{"emulator":{"name":"functions"},"message":"[runtime-status] [72943] Resolved module firebase-functions {\"declared\":true,\"installed\":true,\"version\":\"3.11.0\",\"resolution\":\"/Users/muizz/Documents/React-Apps/amazon-clone/functions/node_modules/firebase-functions/lib/index.js\"}"}}
[debug] [2020-10-30T22:14:58.816Z] [runtime-status] [72943] firebase-admin has been stubbed. {"adminResolution":{"declared":true,"installed":true,"version":"8.13.0","resolution":"/Users/muizz/Documents/React-Apps/amazon-clone/functions/node_modules/firebase-admin/lib/index.js"}} {"metadata":{"emulator":{"name":"functions"},"message":"[runtime-status] [72943] firebase-admin has been stubbed. {\"adminResolution\":{\"declared\":true,\"installed\":true,\"version\":\"8.13.0\",\"resolution\":\"/Users/muizz/Documents/React-Apps/amazon-clone/functions/node_modules/firebase-admin/lib/index.js\"}}"}}
[info] ✔  functions[api]: http function initialized (http://localhost:5001/challenge-e9b80/us-central1/api). {"metadata":{"emulator":{"name":"functions"},"message":"\u001b[1mhttp\u001b[22m function initialized (http://localhost:5001/challenge-e9b80/us-central1/api)."}}
[info] 
┌───────────────────────────────────────────────────────────────────────┐
│ ✔  All emulators ready! View status and logs at http://localhost:4002 │
└───────────────────────────────────────────────────────────────────────┘

┌───────────┬────────────────┬─────────────────────────────────┐
│ Emulator  │ Host:Port      │ View in Emulator UI             │
├───────────┼────────────────┼─────────────────────────────────┤
│ Functions │ localhost:5001 │ http://localhost:4002/functions │
├───────────┼────────────────┼─────────────────────────────────┤
│ Hosting   │ localhost:5000 │ n/a                             │
└───────────┴────────────────┴─────────────────────────────────┘
  Other reserved ports: 4400, 4500

Issues? Report them at https://github.com/firebase/firebase-tools/issues and attach the *-debug.log files.
 
[debug] [2020-10-30T22:14:59.011Z] [worker-~diagnostic~-684d72f7-7c14-4600-9f3d-0e46f4ce04ab]: IDLE {"metadata":{"emulator":{"name":"functions"},"message":"[worker-~diagnostic~-684d72f7-7c14-4600-9f3d-0e46f4ce04ab]: IDLE"}}
[debug] [2020-10-30T22:30:58.901Z] File /Users/muizz/Documents/React-Apps/amazon-clone/functions/index.js changed, reloading triggers {"metadata":{"emulator":{"name":"functions"},"message":"File /Users/muizz/Documents/React-Apps/amazon-clone/functions/index.js changed, reloading triggers"}}
[debug] [2020-10-30T22:30:59.911Z] [worker-pool] Shutting down IDLE worker (~diagnostic~) {"metadata":{"emulator":{"name":"functions"},"message":"[worker-pool] Shutting down IDLE worker (~diagnostic~)"}}
[debug] [2020-10-30T22:30:59.911Z] [worker-~diagnostic~-684d72f7-7c14-4600-9f3d-0e46f4ce04ab]: FINISHING {"metadata":{"emulator":{"name":"functions"},"message":"[worker-~diagnostic~-684d72f7-7c14-4600-9f3d-0e46f4ce04ab]: FINISHING"}}
[debug] [2020-10-30T22:30:59.925Z] [worker-pool] addWorker(~diagnostic~) {"metadata":{"emulator":{"name":"functions"},"message":"[worker-pool] addWorker(~diagnostic~)"}}
[debug] [2020-10-30T22:30:59.926Z] [worker-pool] Adding worker with key ~diagnostic~, total=2 {"metadata":{"emulator":{"name":"functions"},"message":"[worker-pool] Adding worker with key ~diagnostic~, total=2"}}
[debug] [2020-10-30T22:30:59.926Z] [worker-pool] submitWork(triggerId=) {"metadata":{"emulator":{"name":"functions"},"message":"[worker-pool] submitWork(triggerId=)"}}
[debug] [2020-10-30T22:30:59.926Z] [worker-~diagnostic~-bccd9653-6970-4a6c-b45a-bdeda9c6ec46]: Assigning socketPath: /var/folders/2d/t2nx011575996gzvqngr_86w0000gn/T/fire_emu_73030.sock {"metadata":{"emulator":{"name":"functions"},"message":"[worker-~diagnostic~-bccd9653-6970-4a6c-b45a-bdeda9c6ec46]: Assigning socketPath: /var/folders/2d/t2nx011575996gzvqngr_86w0000gn/T/fire_emu_73030.sock"}}
[debug] [2020-10-30T22:30:59.926Z] [worker-~diagnostic~-bccd9653-6970-4a6c-b45a-bdeda9c6ec46]: BUSY {"metadata":{"emulator":{"name":"functions"},"message":"[worker-~diagnostic~-bccd9653-6970-4a6c-b45a-bdeda9c6ec46]: BUSY"}}
[debug] [2020-10-30T22:30:59.929Z] [worker-~diagnostic~-684d72f7-7c14-4600-9f3d-0e46f4ce04ab]: exited {"metadata":{"emulator":{"name":"functions"},"message":"[worker-~diagnostic~-684d72f7-7c14-4600-9f3d-0e46f4ce04ab]: exited"}}
[debug] [2020-10-30T22:30:59.929Z] [worker-~diagnostic~-684d72f7-7c14-4600-9f3d-0e46f4ce04ab]: FINISHED {"metadata":{"emulator":{"name":"functions"},"message":"[worker-~diagnostic~-684d72f7-7c14-4600-9f3d-0e46f4ce04ab]: FINISHED"}}
[debug] [2020-10-30T22:31:00.419Z] [runtime-status] [73030] Functions runtime initialized. {"cwd":"/Users/muizz/Documents/React-Apps/amazon-clone/functions","node_version":"14.4.0"} {"metadata":{"emulator":{"name":"functions"},"message":"[runtime-status] [73030] Functions runtime initialized. {\"cwd\":\"/Users/muizz/Documents/React-Apps/amazon-clone/functions\",\"node_version\":\"14.4.0\"}"}}
[debug] [2020-10-30T22:31:00.421Z] [runtime-status] [73030] Disabled runtime features: undefined {"metadata":{"emulator":{"name":"functions"},"message":"[runtime-status] [73030] Disabled runtime features: undefined"}}
[debug] [2020-10-30T22:31:00.424Z] [runtime-status] [73030] Resolved module firebase-admin {"declared":true,"installed":true,"version":"8.13.0","resolution":"/Users/muizz/Documents/React-Apps/amazon-clone/functions/node_modules/firebase-admin/lib/index.js"} {"metadata":{"emulator":{"name":"functions"},"message":"[runtime-status] [73030] Resolved module firebase-admin {\"declared\":true,\"installed\":true,\"version\":\"8.13.0\",\"resolution\":\"/Users/muizz/Documents/React-Apps/amazon-clone/functions/node_modules/firebase-admin/lib/index.js\"}"}}
[debug] [2020-10-30T22:31:00.426Z] [runtime-status] [73030] Resolved module firebase-functions {"declared":true,"installed":true,"version":"3.11.0","resolution":"/Users/muizz/Documents/React-Apps/amazon-clone/functions/node_modules/firebase-functions/lib/index.js"} {"metadata":{"emulator":{"name":"functions"},"message":"[runtime-status] [73030] Resolved module firebase-functions {\"declared\":true,\"installed\":true,\"version\":\"3.11.0\",\"resolution\":\"/Users/muizz/Documents/React-Apps/amazon-clone/functions/node_modules/firebase-functions/lib/index.js\"}"}}
[debug] [2020-10-30T22:31:00.427Z] [runtime-status] [73030] Resolved module firebase-functions {"declared":true,"installed":true,"version":"3.11.0","resolution":"/Users/muizz/Documents/React-Apps/amazon-clone/functions/node_modules/firebase-functions/lib/index.js"} {"metadata":{"emulator":{"name":"functions"},"message":"[runtime-status] [73030] Resolved module firebase-functions {\"declared\":true,\"installed\":true,\"version\":\"3.11.0\",\"resolution\":\"/Users/muizz/Documents/React-Apps/amazon-clone/functions/node_modules/firebase-functions/lib/index.js\"}"}}
[debug] [2020-10-30T22:31:00.429Z] [runtime-status] [73030] Outgoing network have been stubbed. [{"name":"http","status":"mocked"},{"name":"http","status":"mocked"},{"name":"https","status":"mocked"},{"name":"https","status":"mocked"},{"name":"net","status":"mocked"}] {"metadata":{"emulator":{"name":"functions"},"message":"[runtime-status] [73030] Outgoing network have been stubbed. [{\"name\":\"http\",\"status\":\"mocked\"},{\"name\":\"http\",\"status\":\"mocked\"},{\"name\":\"https\",\"status\":\"mocked\"},{\"name\":\"https\",\"status\":\"mocked\"},{\"name\":\"net\",\"status\":\"mocked\"}]"}}
[debug] [2020-10-30T22:31:00.429Z] [runtime-status] [73030] Resolved module firebase-functions {"declared":true,"installed":true,"version":"3.11.0","resolution":"/Users/muizz/Documents/React-Apps/amazon-clone/functions/node_modules/firebase-functions/lib/index.js"} {"metadata":{"emulator":{"name":"functions"},"message":"[runtime-status] [73030] Resolved module firebase-functions {\"declared\":true,\"installed\":true,\"version\":\"3.11.0\",\"resolution\":\"/Users/muizz/Documents/React-Apps/amazon-clone/functions/node_modules/firebase-functions/lib/index.js\"}"}}
[debug] [2020-10-30T22:31:00.495Z] [runtime-status] [73030] Checked functions.config() {"config":{}} {"metadata":{"emulator":{"name":"functions"},"message":"[runtime-status] [73030] Checked functions.config() {\"config\":{}}"}}
[debug] [2020-10-30T22:31:00.496Z] [runtime-status] [73030] firebase-functions has been stubbed. {"functionsResolution":{"declared":true,"installed":true,"version":"3.11.0","resolution":"/Users/muizz/Documents/React-Apps/amazon-clone/functions/node_modules/firebase-functions/lib/index.js"}} {"metadata":{"emulator":{"name":"functions"},"message":"[runtime-status] [73030] firebase-functions has been stubbed. {\"functionsResolution\":{\"declared\":true,\"installed\":true,\"version\":\"3.11.0\",\"resolution\":\"/Users/muizz/Documents/React-Apps/amazon-clone/functions/node_modules/firebase-functions/lib/index.js\"}}"}}
[debug] [2020-10-30T22:31:00.496Z] [runtime-status] [73030] Resolved module firebase-functions {"declared":true,"installed":true,"version":"3.11.0","resolution":"/Users/muizz/Documents/React-Apps/amazon-clone/functions/node_modules/firebase-functions/lib/index.js"} {"metadata":{"emulator":{"name":"functions"},"message":"[runtime-status] [73030] Resolved module firebase-functions {\"declared\":true,\"installed\":true,\"version\":\"3.11.0\",\"resolution\":\"/Users/muizz/Documents/React-Apps/amazon-clone/functions/node_modules/firebase-functions/lib/index.js\"}"}}
[debug] [2020-10-30T22:31:00.497Z] [runtime-status] [73030] Resolved module firebase-admin {"declared":true,"installed":true,"version":"8.13.0","resolution":"/Users/muizz/Documents/React-Apps/amazon-clone/functions/node_modules/firebase-admin/lib/index.js"} {"metadata":{"emulator":{"name":"functions"},"message":"[runtime-status] [73030] Resolved module firebase-admin {\"declared\":true,\"installed\":true,\"version\":\"8.13.0\",\"resolution\":\"/Users/muizz/Documents/React-Apps/amazon-clone/functions/node_modules/firebase-admin/lib/index.js\"}"}}
[debug] [2020-10-30T22:31:00.497Z] [runtime-status] [73030] Resolved module firebase-functions {"declared":true,"installed":true,"version":"3.11.0","resolution":"/Users/muizz/Documents/React-Apps/amazon-clone/functions/node_modules/firebase-functions/lib/index.js"} {"metadata":{"emulator":{"name":"functions"},"message":"[runtime-status] [73030] Resolved module firebase-functions {\"declared\":true,\"installed\":true,\"version\":\"3.11.0\",\"resolution\":\"/Users/muizz/Documents/React-Apps/amazon-clone/functions/node_modules/firebase-functions/lib/index.js\"}"}}
[debug] [2020-10-30T22:31:00.498Z] [runtime-status] [73030] firebase-admin has been stubbed. {"adminResolution":{"declared":true,"installed":true,"version":"8.13.0","resolution":"/Users/muizz/Documents/React-Apps/amazon-clone/functions/node_modules/firebase-admin/lib/index.js"}} {"metadata":{"emulator":{"name":"functions"},"message":"[runtime-status] [73030] firebase-admin has been stubbed. {\"adminResolution\":{\"declared\":true,\"installed\":true,\"version\":\"8.13.0\",\"resolution\":\"/Users/muizz/Documents/React-Apps/amazon-clone/functions/node_modules/firebase-admin/lib/index.js\"}}"}}
[debug] [2020-10-30T22:31:00.719Z] [worker-~diagnostic~-bccd9653-6970-4a6c-b45a-bdeda9c6ec46]: IDLE {"metadata":{"emulator":{"name":"functions"},"message":"[worker-~diagnostic~-bccd9653-6970-4a6c-b45a-bdeda9c6ec46]: IDLE"}}
[debug] [2020-10-30T22:38:16.111Z] File /Users/muizz/Documents/React-Apps/amazon-clone/functions/index.js changed, reloading triggers {"metadata":{"emulator":{"name":"functions"},"message":"File /Users/muizz/Documents/React-Apps/amazon-clone/functions/index.js changed, reloading triggers"}}
[debug] [2020-10-30T22:38:17.116Z] [worker-pool] Shutting down IDLE worker (~diagnostic~) {"metadata":{"emulator":{"name":"functions"},"message":"[worker-pool] Shutting down IDLE worker (~diagnostic~)"}}
[debug] [2020-10-30T22:38:17.117Z] [worker-~diagnostic~-bccd9653-6970-4a6c-b45a-bdeda9c6ec46]: FINISHING {"metadata":{"emulator":{"name":"functions"},"message":"[worker-~diagnostic~-bccd9653-6970-4a6c-b45a-bdeda9c6ec46]: FINISHING"}}
[debug] [2020-10-30T22:38:17.119Z] [worker-pool] Cleaned up workers for ~diagnostic~: 2 --> 1 {"metadata":{"emulator":{"name":"functions"},"message":"[worker-pool] Cleaned up workers for ~diagnostic~: 2 --> 1"}}
[debug] [2020-10-30T22:38:17.133Z] [worker-pool] addWorker(~diagnostic~) {"metadata":{"emulator":{"name":"functions"},"message":"[worker-pool] addWorker(~diagnostic~)"}}
[debug] [2020-10-30T22:38:17.134Z] [worker-pool] Adding worker with key ~diagnostic~, total=2 {"metadata":{"emulator":{"name":"functions"},"message":"[worker-pool] Adding worker with key ~diagnostic~, total=2"}}
[debug] [2020-10-30T22:38:17.134Z] [worker-pool] submitWork(triggerId=) {"metadata":{"emulator":{"name":"functions"},"message":"[worker-pool] submitWork(triggerId=)"}}
[debug] [2020-10-30T22:38:17.138Z] [worker-~diagnostic~-d011b262-a96a-426f-aa20-ffa69c0ce641]: Assigning socketPath: /var/folders/2d/t2nx011575996gzvqngr_86w0000gn/T/fire_emu_73947.sock {"metadata":{"emulator":{"name":"functions"},"message":"[worker-~diagnostic~-d011b262-a96a-426f-aa20-ffa69c0ce641]: Assigning socketPath: /var/folders/2d/t2nx011575996gzvqngr_86w0000gn/T/fire_emu_73947.sock"}}
[debug] [2020-10-30T22:38:17.140Z] [worker-~diagnostic~-d011b262-a96a-426f-aa20-ffa69c0ce641]: BUSY {"metadata":{"emulator":{"name":"functions"},"message":"[worker-~diagnostic~-d011b262-a96a-426f-aa20-ffa69c0ce641]: BUSY"}}
[debug] [2020-10-30T22:38:17.142Z] [worker-~diagnostic~-bccd9653-6970-4a6c-b45a-bdeda9c6ec46]: exited {"metadata":{"emulator":{"name":"functions"},"message":"[worker-~diagnostic~-bccd9653-6970-4a6c-b45a-bdeda9c6ec46]: exited"}}
[debug] [2020-10-30T22:38:17.142Z] [worker-~diagnostic~-bccd9653-6970-4a6c-b45a-bdeda9c6ec46]: FINISHED {"metadata":{"emulator":{"name":"functions"},"message":"[worker-~diagnostic~-bccd9653-6970-4a6c-b45a-bdeda9c6ec46]: FINISHED"}}
[debug] [2020-10-30T22:38:17.755Z] [runtime-status] [73947] Functions runtime initialized. {"cwd":"/Users/muizz/Documents/React-Apps/amazon-clone/functions","node_version":"14.4.0"} {"metadata":{"emulator":{"name":"functions"},"message":"[runtime-status] [73947] Functions runtime initialized. {\"cwd\":\"/Users/muizz/Documents/React-Apps/amazon-clone/functions\",\"node_version\":\"14.4.0\"}"}}
[debug] [2020-10-30T22:38:17.756Z] [runtime-status] [73947] Disabled runtime features: undefined {"metadata":{"emulator":{"name":"functions"},"message":"[runtime-status] [73947] Disabled runtime features: undefined"}}
[debug] [2020-10-30T22:38:17.763Z] [runtime-status] [73947] Resolved module firebase-admin {"declared":true,"installed":true,"version":"8.13.0","resolution":"/Users/muizz/Documents/React-Apps/amazon-clone/functions/node_modules/firebase-admin/lib/index.js"} {"metadata":{"emulator":{"name":"functions"},"message":"[runtime-status] [73947] Resolved module firebase-admin {\"declared\":true,\"installed\":true,\"version\":\"8.13.0\",\"resolution\":\"/Users/muizz/Documents/React-Apps/amazon-clone/functions/node_modules/firebase-admin/lib/index.js\"}"}}
[debug] [2020-10-30T22:38:17.769Z] [runtime-status] [73947] Resolved module firebase-functions {"declared":true,"installed":true,"version":"3.11.0","resolution":"/Users/muizz/Documents/React-Apps/amazon-clone/functions/node_modules/firebase-functions/lib/index.js"} {"metadata":{"emulator":{"name":"functions"},"message":"[runtime-status] [73947] Resolved module firebase-functions {\"declared\":true,\"installed\":true,\"version\":\"3.11.0\",\"resolution\":\"/Users/muizz/Documents/React-Apps/amazon-clone/functions/node_modules/firebase-functions/lib/index.js\"}"}}
[debug] [2020-10-30T22:38:17.770Z] [runtime-status] [73947] Resolved module firebase-functions {"declared":true,"installed":true,"version":"3.11.0","resolution":"/Users/muizz/Documents/React-Apps/amazon-clone/functions/node_modules/firebase-functions/lib/index.js"} {"metadata":{"emulator":{"name":"functions"},"message":"[runtime-status] [73947] Resolved module firebase-functions {\"declared\":true,\"installed\":true,\"version\":\"3.11.0\",\"resolution\":\"/Users/muizz/Documents/React-Apps/amazon-clone/functions/node_modules/firebase-functions/lib/index.js\"}"}}
[debug] [2020-10-30T22:38:17.771Z] [runtime-status] [73947] Outgoing network have been stubbed. [{"name":"http","status":"mocked"},{"name":"http","status":"mocked"},{"name":"https","status":"mocked"},{"name":"https","status":"mocked"},{"name":"net","status":"mocked"}] {"metadata":{"emulator":{"name":"functions"},"message":"[runtime-status] [73947] Outgoing network have been stubbed. [{\"name\":\"http\",\"status\":\"mocked\"},{\"name\":\"http\",\"status\":\"mocked\"},{\"name\":\"https\",\"status\":\"mocked\"},{\"name\":\"https\",\"status\":\"mocked\"},{\"name\":\"net\",\"status\":\"mocked\"}]"}}
[debug] [2020-10-30T22:38:17.772Z] [runtime-status] [73947] Resolved module firebase-functions {"declared":true,"installed":true,"version":"3.11.0","resolution":"/Users/muizz/Documents/React-Apps/amazon-clone/functions/node_modules/firebase-functions/lib/index.js"} {"metadata":{"emulator":{"name":"functions"},"message":"[runtime-status] [73947] Resolved module firebase-functions {\"declared\":true,\"installed\":true,\"version\":\"3.11.0\",\"resolution\":\"/Users/muizz/Documents/React-Apps/amazon-clone/functions/node_modules/firebase-functions/lib/index.js\"}"}}
[debug] [2020-10-30T22:38:17.855Z] [runtime-status] [73947] Checked functions.config() {"config":{}} {"metadata":{"emulator":{"name":"functions"},"message":"[runtime-status] [73947] Checked functions.config() {\"config\":{}}"}}
[debug] [2020-10-30T22:38:17.855Z] [runtime-status] [73947] firebase-functions has been stubbed. {"functionsResolution":{"declared":true,"installed":true,"version":"3.11.0","resolution":"/Users/muizz/Documents/React-Apps/amazon-clone/functions/node_modules/firebase-functions/lib/index.js"}} {"metadata":{"emulator":{"name":"functions"},"message":"[runtime-status] [73947] firebase-functions has been stubbed. {\"functionsResolution\":{\"declared\":true,\"installed\":true,\"version\":\"3.11.0\",\"resolution\":\"/Users/muizz/Documents/React-Apps/amazon-clone/functions/node_modules/firebase-functions/lib/index.js\"}}"}}
[debug] [2020-10-30T22:38:17.856Z] [runtime-status] [73947] Resolved module firebase-functions {"declared":true,"installed":true,"version":"3.11.0","resolution":"/Users/muizz/Documents/React-Apps/amazon-clone/functions/node_modules/firebase-functions/lib/index.js"} {"metadata":{"emulator":{"name":"functions"},"message":"[runtime-status] [73947] Resolved module firebase-functions {\"declared\":true,\"installed\":true,\"version\":\"3.11.0\",\"resolution\":\"/Users/muizz/Documents/React-Apps/amazon-clone/functions/node_modules/firebase-functions/lib/index.js\"}"}}
[debug] [2020-10-30T22:38:17.857Z] [runtime-status] [73947] Resolved module firebase-admin {"declared":true,"installed":true,"version":"8.13.0","resolution":"/Users/muizz/Documents/React-Apps/amazon-clone/functions/node_modules/firebase-admin/lib/index.js"} {"metadata":{"emulator":{"name":"functions"},"message":"[runtime-status] [73947] Resolved module firebase-admin {\"declared\":true,\"installed\":true,\"version\":\"8.13.0\",\"resolution\":\"/Users/muizz/Documents/React-Apps/amazon-clone/functions/node_modules/firebase-admin/lib/index.js\"}"}}
[debug] [2020-10-30T22:38:17.858Z] [runtime-status] [73947] Resolved module firebase-functions {"declared":true,"installed":true,"version":"3.11.0","resolution":"/Users/muizz/Documents/React-Apps/amazon-clone/functions/node_modules/firebase-functions/lib/index.js"} {"metadata":{"emulator":{"name":"functions"},"message":"[runtime-status] [73947] Resolved module firebase-functions {\"declared\":true,\"installed\":true,\"version\":\"3.11.0\",\"resolution\":\"/Users/muizz/Documents/React-Apps/amazon-clone/functions/node_modules/firebase-functions/lib/index.js\"}"}}
[debug] [2020-10-30T22:38:17.859Z] [runtime-status] [73947] firebase-admin has been stubbed. {"adminResolution":{"declared":true,"installed":true,"version":"8.13.0","resolution":"/Users/muizz/Documents/React-Apps/amazon-clone/functions/node_modules/firebase-admin/lib/index.js"}} {"metadata":{"emulator":{"name":"functions"},"message":"[runtime-status] [73947] firebase-admin has been stubbed. {\"adminResolution\":{\"declared\":true,\"installed\":true,\"version\":\"8.13.0\",\"resolution\":\"/Users/muizz/Documents/React-Apps/amazon-clone/functions/node_modules/firebase-admin/lib/index.js\"}}"}}
[debug] [2020-10-30T22:38:18.077Z] [worker-~diagnostic~-d011b262-a96a-426f-aa20-ffa69c0ce641]: IDLE {"metadata":{"emulator":{"name":"functions"},"message":"[worker-~diagnostic~-d011b262-a96a-426f-aa20-ffa69c0ce641]: IDLE"}}
